warning: The selected output language "polish" has not been updated
since release 1.8.2.  As a result some sentences may appear in English.

warning: source ../../Simulations202x/WBRTM_Linux is not a readable file or directory... skipping.
error: fixed-compilation-database: Error while opening fixed database: Nie ma takiego pliku ani katalogu
json-compilation-database: Error while opening JSON database: Nie ma takiego pliku ani katalogu
 using clang compilation database path of: "(null)"
error:  using clang compilation database path of: "(null)"
error: /data/wb/SCC/public/symShell2andRTM/docs/links/INCLUDE/wb_ptr.hpp:464:23: warning: second argument to 'va_start' is not the last named parameter [-Wvarargs] [clang]
error: /data/wb/SCC/public/symShell2andRTM/docs/links/INCLUDE/wb_ptr.hpp:691:23: warning: second argument to 'va_start' is not the last named parameter [-Wvarargs] [clang]
error: /data/wb/SCC/public/symShell2andRTM/RTM/src/BASE/errorhan.cpp:52:20: warning: comparison of function 'unitbuf' not equal to a null pointer is always true [-Wtautological-pointer-compare] [clang]
error: /data/wb/SCC/public/symShell2andRTM/RTM/src/BASE/errorhan.cpp:52:18: warning: & has lower precedence than !=; != will be evaluated first [-Wparentheses] [clang]
error:  using clang compilation database path of: "(null)"
error:  using clang compilation database path of: "(null)"
error: /data/wb/SCC/public/symShell2andRTM/docs/links/INCLUDE/wb_rand.hpp:68:61: warning: implicit conversion from 'int' to 'float' changes value from 2147483647 to 2147483648 [-Wimplicit-int-float-conversion] [clang]
error:  using clang compilation database path of: "(null)"
error:  using clang compilation database path of: "(null)"
error:  using clang compilation database path of: "(null)"
error:  using clang compilation database path of: "(null)"
error:  using clang compilation database path of: "(null)"
error:  using clang compilation database path of: "(null)"
error: /data/wb/SCC/public/symShell2andRTM/RTM/src/EXCEPT/extextex.cpp:1:10: fatal error: 'INCLUDE/extextex.hpp' file not found [clang]
error:  using clang compilation database path of: "(null)"
error: /data/wb/SCC/public/symShell2andRTM/RTM/INCLUDE/wb_ptr.hpp:464:17: warning: second argument to 'va_start' is not the last named parameter [-Wvarargs] [clang]
error: /data/wb/SCC/public/symShell2andRTM/RTM/INCLUDE/wb_ptr.hpp:691:23: warning: second argument to 'va_start' is not the last named parameter [-Wvarargs] [clang]
error:  using clang compilation database path of: "(null)"
error: /data/wb/SCC/public/symShell2andRTM/docs/links/INCLUDE/wb_ptr.hpp:464:23: warning: second argument to 'va_start' is not the last named parameter [-Wvarargs] [clang]
error: /data/wb/SCC/public/symShell2andRTM/docs/links/INCLUDE/wb_ptr.hpp:691:23: warning: second argument to 'va_start' is not the last named parameter [-Wvarargs] [clang]
error:  using clang compilation database path of: "(null)"
error: /data/wb/SCC/public/symShell2andRTM/RTM/INCLUDE/wb_ptr.hpp:464:17: warning: second argument to 'va_start' is not the last named parameter [-Wvarargs] [clang]
error: /data/wb/SCC/public/symShell2andRTM/RTM/INCLUDE/wb_ptr.hpp:691:23: warning: second argument to 'va_start' is not the last named parameter [-Wvarargs] [clang]
error:  using clang compilation database path of: "(null)"
error: /data/wb/SCC/public/symShell2andRTM/docs/links/INCLUDE/wb_ptr.hpp:464:23: warning: second argument to 'va_start' is not the last named parameter [-Wvarargs] [clang]
error: /data/wb/SCC/public/symShell2andRTM/docs/links/INCLUDE/wb_ptr.hpp:691:23: warning: second argument to 'va_start' is not the last named parameter [-Wvarargs] [clang]
error:  using clang compilation database path of: "(null)"
error:  using clang compilation database path of: "(null)"
error: /data/wb/SCC/public/symShell2andRTM/RTM/INCLUDE/wb_ptr.hpp:464:23: warning: second argument to 'va_start' is not the last named parameter [-Wvarargs] [clang]
error: /data/wb/SCC/public/symShell2andRTM/RTM/INCLUDE/wb_ptr.hpp:691:23: warning: second argument to 'va_start' is not the last named parameter [-Wvarargs] [clang]
error: /data/wb/SCC/public/symShell2andRTM/RTM/INCLUDE/arr_base.hpp:11:10: fatal error: '_ikeycon.hpp' file not found [clang]
error:  using clang compilation database path of: "(null)"
error: /data/wb/SCC/public/symShell2andRTM/RTM/INCLUDE/wb_ptr.hpp:464:23: warning: second argument to 'va_start' is not the last named parameter [-Wvarargs] [clang]
error: /data/wb/SCC/public/symShell2andRTM/RTM/INCLUDE/wb_ptr.hpp:691:23: warning: second argument to 'va_start' is not the last named parameter [-Wvarargs] [clang]
error: /data/wb/SCC/public/symShell2andRTM/RTM/INCLUDE/arr_base.hpp:11:10: fatal error: '_ikeycon.hpp' file not found [clang]
error:  using clang compilation database path of: "(null)"
error: /data/wb/SCC/public/symShell2andRTM/RTM/INCLUDE/assobase.hpp:7:10: fatal error: 'unitype.hpp' file not found [clang]
error:  using clang compilation database path of: "(null)"
error: /data/wb/SCC/public/symShell2andRTM/RTM/INCLUDE/assobase.hpp:7:10: fatal error: 'unitype.hpp' file not found [clang]
error:  using clang compilation database path of: "(null)"
error:  using clang compilation database path of: "(null)"
error:  using clang compilation database path of: "(null)"
error:  using clang compilation database path of: "(null)"
error:  using clang compilation database path of: "(null)"
error:  using clang compilation database path of: "(null)"
error:  using clang compilation database path of: "(null)"
error:  using clang compilation database path of: "(null)"
error: /data/wb/SCC/public/symShell2andRTM/RTM/INCLUDE/wb_ptr.hpp:464:23: warning: second argument to 'va_start' is not the last named parameter [-Wvarargs] [clang]
error: /data/wb/SCC/public/symShell2andRTM/RTM/INCLUDE/wb_ptr.hpp:691:23: warning: second argument to 'va_start' is not the last named parameter [-Wvarargs] [clang]
error:  using clang compilation database path of: "(null)"
error: /data/wb/SCC/public/symShell2andRTM/RTM/INCLUDE/wb_ptr.hpp:464:23: warning: second argument to 'va_start' is not the last named parameter [-Wvarargs] [clang]
error: /data/wb/SCC/public/symShell2andRTM/RTM/INCLUDE/wb_ptr.hpp:691:23: warning: second argument to 'va_start' is not the last named parameter [-Wvarargs] [clang]
error:  using clang compilation database path of: "(null)"
error:  using clang compilation database path of: "(null)"
error:  using clang compilation database path of: "(null)"
error: /data/wb/SCC/public/symShell2andRTM/RTM/INCLUDE/random.h:85:18: error: use of undeclared identifier 'SELECT_RANDOM_NOT_DEFINED_FOR_THIS_CODE' [clang]
error: /data/wb/SCC/public/symShell2andRTM/RTM/INCLUDE/random.h:92:18: error: use of undeclared identifier 'SELECT_RANDOM_NOT_DEFINED_FOR_THIS_CODE' [clang]
error:  using clang compilation database path of: "(null)"
error:  using clang compilation database path of: "(null)"
error: /data/wb/SCC/public/symShell2andRTM/RTM/INCLUDE/typenames.hpp:33:16: error: you need to include <typeinfo> before using the 'typeid' operator [clang]
error:  using clang compilation database path of: "(null)"
/data/wb/SCC/public/symShell2andRTM/RTM/INCLUDE/virtualConstructor.h:111: warning: unbalanced grouping commands
error:  using clang compilation database path of: "(null)"
error:  using clang compilation database path of: "(null)"
error:  using clang compilation database path of: "(null)"
error: /data/wb/SCC/public/symShell2andRTM/RTM/INCLUDE/wb_limits.h:23:8: error: no template named 'wb_limits' [clang]
error: /data/wb/SCC/public/symShell2andRTM/RTM/INCLUDE/wb_limits.h:24:8: error: no template named 'wb_limits' [clang]
error: /data/wb/SCC/public/symShell2andRTM/RTM/INCLUDE/wb_limits.h:25:8: error: no template named 'wb_limits' [clang]
error: /data/wb/SCC/public/symShell2andRTM/RTM/INCLUDE/wb_limits.h:26:8: error: no template named 'wb_limits' [clang]
error: /data/wb/SCC/public/symShell2andRTM/RTM/INCLUDE/wb_limits.h:27:8: error: no template named 'wb_limits' [clang]
error: /data/wb/SCC/public/symShell2andRTM/RTM/INCLUDE/wb_limits.h:28:8: error: no template named 'wb_limits' [clang]
error: /data/wb/SCC/public/symShell2andRTM/RTM/INCLUDE/wb_limits.h:29:8: error: no template named 'wb_limits' [clang]
error: /data/wb/SCC/public/symShell2andRTM/RTM/INCLUDE/wb_limits.h:30:8: error: no template named 'wb_limits' [clang]
error: /data/wb/SCC/public/symShell2andRTM/RTM/INCLUDE/wb_limits.h:33:8: error: no template named 'wb_limits' [clang]
error: /data/wb/SCC/public/symShell2andRTM/RTM/INCLUDE/wb_limits.h:34:8: error: no template named 'wb_limits' [clang]
error: /data/wb/SCC/public/symShell2andRTM/RTM/INCLUDE/wb_limits.h:35:8: error: no template named 'wb_limits' [clang]
error: /data/wb/SCC/public/symShell2andRTM/RTM/INCLUDE/wb_limits.h:36:8: error: no template named 'wb_limits' [clang]
error: /data/wb/SCC/public/symShell2andRTM/RTM/INCLUDE/wb_limits.h:37:8: error: no template named 'wb_limits' [clang]
error: /data/wb/SCC/public/symShell2andRTM/RTM/INCLUDE/wb_limits.h:38:8: error: no template named 'wb_limits' [clang]
error: /data/wb/SCC/public/symShell2andRTM/RTM/INCLUDE/wb_limits.h:39:8: error: no template named 'wb_limits' [clang]
error: /data/wb/SCC/public/symShell2andRTM/RTM/INCLUDE/wb_limits.h:40:8: error: no template named 'wb_limits' [clang]
error: /data/wb/SCC/public/symShell2andRTM/RTM/INCLUDE/wb_limits.h:44:8: error: no template named 'wb_limits' [clang]
error: /data/wb/SCC/public/symShell2andRTM/RTM/INCLUDE/wb_limits.h:61:8: error: no template named 'default_missing' [clang]
error: /data/wb/SCC/public/symShell2andRTM/RTM/INCLUDE/wb_limits.h:62:8: error: no template named 'default_missing' [clang]
error: /data/wb/SCC/public/symShell2andRTM/RTM/INCLUDE/wb_limits.h:63:8: error: no template named 'default_missing' [clang]
error: /data/wb/SCC/public/symShell2andRTM/RTM/INCLUDE/wb_limits.h:64:8: error: no template named 'default_missing' [clang]
error: /data/wb/SCC/public/symShell2andRTM/RTM/INCLUDE/wb_limits.h:65:8: error: no template named 'default_missing' [clang]
error: /data/wb/SCC/public/symShell2andRTM/RTM/INCLUDE/wb_limits.h:66:8: error: no template named 'default_missing' [clang]
error: /data/wb/SCC/public/symShell2andRTM/RTM/INCLUDE/wb_limits.h:67:8: error: no template named 'default_missing' [clang]
error: /data/wb/SCC/public/symShell2andRTM/RTM/INCLUDE/wb_limits.h:68:8: error: no template named 'default_missing' [clang]
error: /data/wb/SCC/public/symShell2andRTM/RTM/INCLUDE/wb_limits.h:72:8: error: no template named 'default_missing' [clang]
error:  using clang compilation database path of: "(null)"
error:  using clang compilation database path of: "(null)"
error: /data/wb/SCC/public/symShell2andRTM/RTM/INCLUDE/wb_ptr.hpp:464:23: warning: second argument to 'va_start' is not the last named parameter [-Wvarargs] [clang]
error: /data/wb/SCC/public/symShell2andRTM/RTM/INCLUDE/wb_ptr.hpp:691:23: warning: second argument to 'va_start' is not the last named parameter [-Wvarargs] [clang]
error:  using clang compilation database path of: "(null)"
error: /data/wb/SCC/public/symShell2andRTM/RTM/INCLUDE/wb_ptr.hpp:464:23: warning: second argument to 'va_start' is not the last named parameter [-Wvarargs] [clang]
error: /data/wb/SCC/public/symShell2andRTM/RTM/INCLUDE/wb_ptr.hpp:691:23: warning: second argument to 'va_start' is not the last named parameter [-Wvarargs] [clang]
error:  using clang compilation database path of: "(null)"
error: /data/wb/SCC/public/symShell2andRTM/RTM/INCLUDE/wb_ptr.hpp:464:23: warning: second argument to 'va_start' is not the last named parameter [-Wvarargs] [clang]
error: /data/wb/SCC/public/symShell2andRTM/RTM/INCLUDE/wb_ptr.hpp:691:23: warning: second argument to 'va_start' is not the last named parameter [-Wvarargs] [clang]
error:  using clang compilation database path of: "(null)"
error: /data/wb/SCC/public/symShell2andRTM/RTM/INCLUDE/wb_rand.hpp:68:61: warning: implicit conversion from 'int' to 'float' changes value from 2147483647 to 2147483648 [-Wimplicit-int-float-conversion] [clang]
error:  using clang compilation database path of: "(null)"
error: /data/wb/SCC/public/symShell2andRTM/docs/logfile.txt:1:1: error: unknown type name 'warning' [clang]
error: /data/wb/SCC/public/symShell2andRTM/docs/logfile.txt:1:8: error: expected unqualified-id [clang]
error: /data/wb/SCC/public/symShell2andRTM/docs/logfile.txt:12:118: error: expected unqualified-id [clang]
/data/wb/SCC/public/symShell2andRTM/RTM/src/EXCEPT/boundexc.cpp:1: warning: the name 'excbounded.cpp' supplied as the argument in the \file statement is not an input file
/data/wb/SCC/public/symShell2andRTM/RTM/INCLUDE/assoctab.hpp:233: warning: documented symbol 'void wbrtm::assoc_template< K, V >::implement_input' was not declared or defined.
/data/wb/SCC/public/symShell2andRTM/RTM/INCLUDE/assoctab.hpp:239: warning: documented symbol 'void wbrtm::assoc_template< K, V >::implement_output' was not declared or defined.
/data/wb/SCC/public/symShell2andRTM/RTM/INCLUDE/assoctab.hpp:343: warning: documented symbol 'void wbrtm::assoc_table_of_ptr< K, V >::implement_input' was not declared or defined.
/data/wb/SCC/public/symShell2andRTM/RTM/INCLUDE/assoctab.hpp:351: warning: documented symbol 'void wbrtm::assoc_table_of_ptr< K, V >::implement_output' was not declared or defined.
/data/wb/SCC/public/symShell2andRTM/RTM/INCLUDE/wb_limits.h:23: warning: no uniquely matching class member found for 
  wb_limits::Max()

/data/wb/SCC/public/symShell2andRTM/RTM/INCLUDE/wb_limits.h:24: warning: no uniquely matching class member found for 
  wb_limits::Max()

/data/wb/SCC/public/symShell2andRTM/RTM/INCLUDE/wb_limits.h:25: warning: no uniquely matching class member found for 
  wb_limits::Max()

/data/wb/SCC/public/symShell2andRTM/RTM/INCLUDE/wb_limits.h:26: warning: no uniquely matching class member found for 
  wb_limits::Max()

/data/wb/SCC/public/symShell2andRTM/RTM/INCLUDE/wb_limits.h:27: warning: no uniquely matching class member found for 
  wb_limits::Max()

/data/wb/SCC/public/symShell2andRTM/RTM/INCLUDE/wb_limits.h:28: warning: no uniquely matching class member found for 
  wb_limits::Max()

/data/wb/SCC/public/symShell2andRTM/RTM/INCLUDE/wb_limits.h:29: warning: no uniquely matching class member found for 
  wb_limits::Max()

/data/wb/SCC/public/symShell2andRTM/RTM/INCLUDE/wb_limits.h:30: warning: no uniquely matching class member found for 
  wb_limits::Max()

/data/wb/SCC/public/symShell2andRTM/RTM/INCLUDE/wb_limits.h:33: warning: no uniquely matching class member found for 
  wb_limits::Min()

/data/wb/SCC/public/symShell2andRTM/RTM/INCLUDE/wb_limits.h:34: warning: no uniquely matching class member found for 
  wb_limits::Min()

/data/wb/SCC/public/symShell2andRTM/RTM/INCLUDE/wb_limits.h:35: warning: no uniquely matching class member found for 
  wb_limits::Min()

/data/wb/SCC/public/symShell2andRTM/RTM/INCLUDE/wb_limits.h:36: warning: no uniquely matching class member found for 
  wb_limits::Min()

/data/wb/SCC/public/symShell2andRTM/RTM/INCLUDE/wb_limits.h:37: warning: no uniquely matching class member found for 
  wb_limits::Min()

/data/wb/SCC/public/symShell2andRTM/RTM/INCLUDE/wb_limits.h:38: warning: no uniquely matching class member found for 
  wb_limits::Min()

/data/wb/SCC/public/symShell2andRTM/RTM/INCLUDE/wb_limits.h:39: warning: no uniquely matching class member found for 
  wb_limits::Min()

/data/wb/SCC/public/symShell2andRTM/RTM/INCLUDE/wb_limits.h:40: warning: no uniquely matching class member found for 
  wb_limits::Min()

/data/wb/SCC/public/symShell2andRTM/RTM/INCLUDE/wb_limits.h:44: warning: no uniquely matching class member found for 
  template < Scalar >
  wb_limits::Max()

/data/wb/SCC/public/symShell2andRTM/RTM/INCLUDE/wb_limits.h:46: warning: no uniquely matching class member found for 
  template < Scalar >
  wb_limits::Min()

error:  using clang compilation database path of: "(null)"
error:  using clang compilation database path of: "(null)"
error: /data/wb/SCC/public/symShell2andRTM/docs/links/INCLUDE/wb_ptr.hpp:464:23: warning: second argument to 'va_start' is not the last named parameter [-Wvarargs] [clang]
error: /data/wb/SCC/public/symShell2andRTM/docs/links/INCLUDE/wb_ptr.hpp:691:23: warning: second argument to 'va_start' is not the last named parameter [-Wvarargs] [clang]
error: /data/wb/SCC/public/symShell2andRTM/RTM/src/BASE/errorhan.cpp:52:20: warning: comparison of function 'unitbuf' not equal to a null pointer is always true [-Wtautological-pointer-compare] [clang]
error: /data/wb/SCC/public/symShell2andRTM/RTM/src/BASE/errorhan.cpp:52:18: warning: & has lower precedence than !=; != will be evaluated first [-Wparentheses] [clang]
error:  using clang compilation database path of: "(null)"
error:  using clang compilation database path of: "(null)"
error: /data/wb/SCC/public/symShell2andRTM/docs/links/INCLUDE/wb_rand.hpp:68:61: warning: implicit conversion from 'int' to 'float' changes value from 2147483647 to 2147483648 [-Wimplicit-int-float-conversion] [clang]
error:  using clang compilation database path of: "(null)"
error:  using clang compilation database path of: "(null)"
error:  using clang compilation database path of: "(null)"
error:  using clang compilation database path of: "(null)"
error:  using clang compilation database path of: "(null)"
error:  using clang compilation database path of: "(null)"
error: /data/wb/SCC/public/symShell2andRTM/RTM/src/EXCEPT/extextex.cpp:1:10: fatal error: 'INCLUDE/extextex.hpp' file not found [clang]
error:  using clang compilation database path of: "(null)"
error: /data/wb/SCC/public/symShell2andRTM/RTM/INCLUDE/wb_ptr.hpp:464:23: warning: second argument to 'va_start' is not the last named parameter [-Wvarargs] [clang]
error: /data/wb/SCC/public/symShell2andRTM/RTM/INCLUDE/wb_ptr.hpp:691:23: warning: second argument to 'va_start' is not the last named parameter [-Wvarargs] [clang]
error:  using clang compilation database path of: "(null)"
error: /data/wb/SCC/public/symShell2andRTM/docs/links/INCLUDE/wb_ptr.hpp:464:23: warning: second argument to 'va_start' is not the last named parameter [-Wvarargs] [clang]
error: /data/wb/SCC/public/symShell2andRTM/docs/links/INCLUDE/wb_ptr.hpp:691:23: warning: second argument to 'va_start' is not the last named parameter [-Wvarargs] [clang]
/data/wb/SCC/public/symShell2andRTM/RTM/src/PTRS/wb_pchar.cpp:56: warning: Found unknown command '\NOTE'
error:  using clang compilation database path of: "(null)"
error: /data/wb/SCC/public/symShell2andRTM/RTM/INCLUDE/wb_ptr.hpp:464:23: warning: second argument to 'va_start' is not the last named parameter [-Wvarargs] [clang]
error: /data/wb/SCC/public/symShell2andRTM/RTM/INCLUDE/wb_ptr.hpp:691:23: warning: second argument to 'va_start' is not the last named parameter [-Wvarargs] [clang]
error:  using clang compilation database path of: "(null)"
error: /data/wb/SCC/public/symShell2andRTM/docs/links/INCLUDE/wb_ptr.hpp:464:23: warning: second argument to 'va_start' is not the last named parameter [-Wvarargs] [clang]
error: /data/wb/SCC/public/symShell2andRTM/docs/links/INCLUDE/wb_ptr.hpp:691:23: warning: second argument to 'va_start' is not the last named parameter [-Wvarargs] [clang]
error:  using clang compilation database path of: "(null)"
/data/wb/SCC/public/symShell2andRTM/RTM/src/TOOLS/TABDELIMITED/TabDelimited.cpp:32: warning: Found unknown command '\detail'
error:  using clang compilation database path of: "(null)"
error: /data/wb/SCC/public/symShell2andRTM/docs/logfile.txt:1:1: error: unknown type name 'warning' [clang]
error: /data/wb/SCC/public/symShell2andRTM/docs/logfile.txt:1:8: error: expected unqualified-id [clang]
error: /data/wb/SCC/public/symShell2andRTM/docs/logfile.txt:12:118: error: expected unqualified-id [clang]
error:  using clang compilation database path of: "(null)"
error: /data/wb/SCC/public/symShell2andRTM/RTM/INCLUDE/wb_ptr.hpp:464:17: warning: second argument to 'va_start' is not the last named parameter [-Wvarargs] [clang]
error: /data/wb/SCC/public/symShell2andRTM/RTM/INCLUDE/wb_ptr.hpp:691:23: warning: second argument to 'va_start' is not the last named parameter [-Wvarargs] [clang]
error: /data/wb/SCC/public/symShell2andRTM/RTM/INCLUDE/arr_base.hpp:11:10: fatal error: '_ikeycon.hpp' file not found [clang]
error:  using clang compilation database path of: "(null)"
error: /data/wb/SCC/public/symShell2andRTM/RTM/INCLUDE/wb_ptr.hpp:464:17: warning: second argument to 'va_start' is not the last named parameter [-Wvarargs] [clang]
error: /data/wb/SCC/public/symShell2andRTM/RTM/INCLUDE/wb_ptr.hpp:691:23: warning: second argument to 'va_start' is not the last named parameter [-Wvarargs] [clang]
error: /data/wb/SCC/public/symShell2andRTM/RTM/INCLUDE/arr_base.hpp:11:10: fatal error: '_ikeycon.hpp' file not found [clang]
error:  using clang compilation database path of: "(null)"
error: /data/wb/SCC/public/symShell2andRTM/RTM/INCLUDE/assobase.hpp:7:10: fatal error: 'unitype.hpp' file not found [clang]
error:  using clang compilation database path of: "(null)"
error: /data/wb/SCC/public/symShell2andRTM/RTM/INCLUDE/assobase.hpp:7:10: fatal error: 'unitype.hpp' file not found [clang]
error:  using clang compilation database path of: "(null)"
error:  using clang compilation database path of: "(null)"
error:  using clang compilation database path of: "(null)"
error:  using clang compilation database path of: "(null)"
error: /data/wb/SCC/public/symShell2andRTM/RTM/INCLUDE/wb_ptr.hpp:464:17: warning: second argument to 'va_start' is not the last named parameter [-Wvarargs] [clang]
error: /data/wb/SCC/public/symShell2andRTM/RTM/INCLUDE/wb_ptr.hpp:691:23: warning: second argument to 'va_start' is not the last named parameter [-Wvarargs] [clang]
error:  using clang compilation database path of: "(null)"
error: /data/wb/SCC/public/symShell2andRTM/RTM/INCLUDE/random.h:85:18: error: use of undeclared identifier 'SELECT_RANDOM_NOT_DEFINED_FOR_THIS_CODE' [clang]
error: /data/wb/SCC/public/symShell2andRTM/RTM/INCLUDE/random.h:92:18: error: use of undeclared identifier 'SELECT_RANDOM_NOT_DEFINED_FOR_THIS_CODE' [clang]
error:  using clang compilation database path of: "(null)"
error:  using clang compilation database path of: "(null)"
error: /data/wb/SCC/public/symShell2andRTM/RTM/INCLUDE/typenames.hpp:33:16: error: you need to include <typeinfo> before using the 'typeid' operator [clang]
error:  using clang compilation database path of: "(null)"
error:  using clang compilation database path of: "(null)"
error:  using clang compilation database path of: "(null)"
error: /data/wb/SCC/public/symShell2andRTM/RTM/INCLUDE/wb_limits.h:23:8: error: no template named 'wb_limits' [clang]
error: /data/wb/SCC/public/symShell2andRTM/RTM/INCLUDE/wb_limits.h:24:8: error: no template named 'wb_limits' [clang]
error: /data/wb/SCC/public/symShell2andRTM/RTM/INCLUDE/wb_limits.h:25:8: error: no template named 'wb_limits' [clang]
error: /data/wb/SCC/public/symShell2andRTM/RTM/INCLUDE/wb_limits.h:26:8: error: no template named 'wb_limits' [clang]
error: /data/wb/SCC/public/symShell2andRTM/RTM/INCLUDE/wb_limits.h:27:8: error: no template named 'wb_limits' [clang]
error: /data/wb/SCC/public/symShell2andRTM/RTM/INCLUDE/wb_limits.h:28:8: error: no template named 'wb_limits' [clang]
error: /data/wb/SCC/public/symShell2andRTM/RTM/INCLUDE/wb_limits.h:29:8: error: no template named 'wb_limits' [clang]
error: /data/wb/SCC/public/symShell2andRTM/RTM/INCLUDE/wb_limits.h:30:8: error: no template named 'wb_limits' [clang]
error: /data/wb/SCC/public/symShell2andRTM/RTM/INCLUDE/wb_limits.h:33:8: error: no template named 'wb_limits' [clang]
error: /data/wb/SCC/public/symShell2andRTM/RTM/INCLUDE/wb_limits.h:34:8: error: no template named 'wb_limits' [clang]
error: /data/wb/SCC/public/symShell2andRTM/RTM/INCLUDE/wb_limits.h:35:8: error: no template named 'wb_limits' [clang]
error: /data/wb/SCC/public/symShell2andRTM/RTM/INCLUDE/wb_limits.h:36:8: error: no template named 'wb_limits' [clang]
error: /data/wb/SCC/public/symShell2andRTM/RTM/INCLUDE/wb_limits.h:37:8: error: no template named 'wb_limits' [clang]
error: /data/wb/SCC/public/symShell2andRTM/RTM/INCLUDE/wb_limits.h:38:8: error: no template named 'wb_limits' [clang]
error: /data/wb/SCC/public/symShell2andRTM/RTM/INCLUDE/wb_limits.h:39:8: error: no template named 'wb_limits' [clang]
error: /data/wb/SCC/public/symShell2andRTM/RTM/INCLUDE/wb_limits.h:40:8: error: no template named 'wb_limits' [clang]
error: /data/wb/SCC/public/symShell2andRTM/RTM/INCLUDE/wb_limits.h:44:8: error: no template named 'wb_limits' [clang]
error: /data/wb/SCC/public/symShell2andRTM/RTM/INCLUDE/wb_limits.h:61:8: error: no template named 'default_missing' [clang]
error: /data/wb/SCC/public/symShell2andRTM/RTM/INCLUDE/wb_limits.h:62:8: error: no template named 'default_missing' [clang]
error: /data/wb/SCC/public/symShell2andRTM/RTM/INCLUDE/wb_limits.h:63:8: error: no template named 'default_missing' [clang]
error: /data/wb/SCC/public/symShell2andRTM/RTM/INCLUDE/wb_limits.h:64:8: error: no template named 'default_missing' [clang]
error: /data/wb/SCC/public/symShell2andRTM/RTM/INCLUDE/wb_limits.h:65:8: error: no template named 'default_missing' [clang]
error: /data/wb/SCC/public/symShell2andRTM/RTM/INCLUDE/wb_limits.h:66:8: error: no template named 'default_missing' [clang]
error: /data/wb/SCC/public/symShell2andRTM/RTM/INCLUDE/wb_limits.h:67:8: error: no template named 'default_missing' [clang]
error: /data/wb/SCC/public/symShell2andRTM/RTM/INCLUDE/wb_limits.h:68:8: error: no template named 'default_missing' [clang]
error: /data/wb/SCC/public/symShell2andRTM/RTM/INCLUDE/wb_limits.h:72:8: error: no template named 'default_missing' [clang]
error:  using clang compilation database path of: "(null)"
error:  using clang compilation database path of: "(null)"
error: /data/wb/SCC/public/symShell2andRTM/RTM/INCLUDE/wb_ptr.hpp:464:17: warning: second argument to 'va_start' is not the last named parameter [-Wvarargs] [clang]
error: /data/wb/SCC/public/symShell2andRTM/RTM/INCLUDE/wb_ptr.hpp:691:23: warning: second argument to 'va_start' is not the last named parameter [-Wvarargs] [clang]
error:  using clang compilation database path of: "(null)"
error: /data/wb/SCC/public/symShell2andRTM/RTM/INCLUDE/wb_ptr.hpp:464:17: warning: second argument to 'va_start' is not the last named parameter [-Wvarargs] [clang]
error: /data/wb/SCC/public/symShell2andRTM/RTM/INCLUDE/wb_ptr.hpp:691:23: warning: second argument to 'va_start' is not the last named parameter [-Wvarargs] [clang]
error:  using clang compilation database path of: "(null)"
error: /data/wb/SCC/public/symShell2andRTM/RTM/INCLUDE/wb_rand.hpp:68:61: warning: implicit conversion from 'int' to 'float' changes value from 2147483647 to 2147483648 [-Wimplicit-int-float-conversion] [clang]
/data/wb/SCC/public/symShell2andRTM/RTM/INCLUDE/typenames.hpp:7: warning: explicit link request to 'name()' could not be resolved
/data/wb/SCC/public/symShell2andRTM/RTM/src/PTRS/wb_pchar.cpp:56: warning: Found unknown command '\NOTE'
/data/wb/SCC/public/symShell2andRTM/RTM/src/PTRS/wb_pchar.cpp:56: warning: Found unknown command '\NOTE'
/data/wb/SCC/public/symShell2andRTM/RTM/src/PTRS/wb_pchar.cpp:56: warning: Found unknown command '\NOTE'
/data/wb/SCC/public/symShell2andRTM/RTM/src/TOOLS/TABDELIMITED/TabDelimited.cpp:32: warning: Found unknown command '\detail'
/data/wb/SCC/public/symShell2andRTM/RTM/src/TOOLS/TABDELIMITED/TabDelimited.cpp:32: warning: Found unknown command '\detail'
